<?xml version="1.0" encoding="UTF-8"?>
<!-- Generated by org.testng.reporters.JUnitXMLReporter -->
<testsuite ignored="0" hostname="DESKTOP-5FTVNVN" failures="0" tests="7" name="Test" time="16.61" errors="0" timestamp="2024-10-17T15:40:38 IST">
  <testcase classname="testng.TestNg2" name="open" time="10.006"/>
  <testcase classname="testng.TestNg2" name="testlogo" time="0.04"/>
  <testcase classname="testng.TestNg2" name="login" time="6.347"/>
  <testcase classname="testng.TestNg2" name="close" time="0.146"/>
  <testcase classname="testng.Introtestng" name="openapp" time="0.002"/>
  <testcase classname="testng.Introtestng" name="login" time="0.002"/>
  <testcase classname="testng.Introtestng" name="logout" time="0.003"/>
</testsuite> <!-- Test -->
